<?xml version="1.0" encoding="UTF-8"?>
<!-- Generated by org.testng.reporters.JUnitReportReporter -->
<testsuite skipped="0" hostname="Debanga-PC" name="com.searchmodule.tests.SearchTest" tests="4" failures="0" timestamp="10 Sep 2019 15:17:03 GMT" time="246.896" errors="0">
  <testcase name="search" time="74.657" classname="com.searchmodule.tests.SearchTest"/>
  <testcase name="search" time="14.937" classname="com.searchmodule.tests.SearchTest"/>
  <testcase name="search" time="79.702" classname="com.searchmodule.tests.SearchTest"/>
  <testcase name="search" time="77.600" classname="com.searchmodule.tests.SearchTest"/>
</testsuite> <!-- com.searchmodule.tests.SearchTest -->
