<?xml version="1.0" encoding="UTF-8"?>
<!-- Generated by org.testng.reporters.JUnitReportReporter -->
<testsuite skipped="0" hostname="Debanga-PC" name="com.newtours.tests.BookFlightTest" tests="20" failures="0" timestamp="10 Sep 2019 15:08:33 GMT" time="360.501" errors="0">
  <testcase name="flightConfirmationPage" time="3.396" classname="com.newtours.tests.BookFlightTest"/>
  <testcase name="flightDetailsPage" time="2.477" classname="com.newtours.tests.BookFlightTest"/>
  <testcase name="flightDetailsPage" time="5.185" classname="com.newtours.tests.BookFlightTest"/>
  <testcase name="findFlightPage" time="12.771" classname="com.newtours.tests.BookFlightTest"/>
  <testcase name="findFlightPage" time="5.329" classname="com.newtours.tests.BookFlightTest"/>
  <testcase name="flightConfirmationPage" time="13.235" classname="com.newtours.tests.BookFlightTest"/>
  <testcase name="registrationPage" time="12.037" classname="com.newtours.tests.BookFlightTest"/>
  <testcase name="findFlightPage" time="5.559" classname="com.newtours.tests.BookFlightTest"/>
  <testcase name="registrationConfirmationPage" time="4.766" classname="com.newtours.tests.BookFlightTest"/>
  <testcase name="registrationConfirmationPage" time="2.080" classname="com.newtours.tests.BookFlightTest"/>
  <testcase name="registrationPage" time="123.824" classname="com.newtours.tests.BookFlightTest"/>
  <testcase name="flightConfirmationPage" time="9.010" classname="com.newtours.tests.BookFlightTest"/>
  <testcase name="findFlightPage" time="4.789" classname="com.newtours.tests.BookFlightTest"/>
  <testcase name="registrationPage" time="12.021" classname="com.newtours.tests.BookFlightTest"/>
  <testcase name="flightDetailsPage" time="3.318" classname="com.newtours.tests.BookFlightTest"/>
  <testcase name="registrationPage" time="123.144" classname="com.newtours.tests.BookFlightTest"/>
  <testcase name="registrationConfirmationPage" time="2.583" classname="com.newtours.tests.BookFlightTest"/>
  <testcase name="flightDetailsPage" time="5.367" classname="com.newtours.tests.BookFlightTest"/>
  <testcase name="registrationConfirmationPage" time="4.852" classname="com.newtours.tests.BookFlightTest"/>
  <testcase name="flightConfirmationPage" time="4.758" classname="com.newtours.tests.BookFlightTest"/>
</testsuite> <!-- com.newtours.tests.BookFlightTest -->
